  [4;36;1mSQL (0.2ms)[0m   [0;1mSET NAMES 'utf8'[0m
  [4;35;1mSQL (0.1ms)[0m   [0mSET SQL_AUTO_IS_NULL=0[0m
  [4;36;1mSQL (11.2ms)[0m   [0;1mSHOW TABLES[0m
  [4;35;1mSQL (700.6ms)[0m   [0mCREATE TABLE `schema_migrations` (`version` varchar(255) NOT NULL) ENGINE=InnoDB[0m
  [4;36;1mSQL (159.0ms)[0m   [0;1mCREATE UNIQUE INDEX `unique_schema_migrations` ON `schema_migrations` (`version`)[0m
  [4;35;1mSQL (1.7ms)[0m   [0mSHOW TABLES[0m
  [4;36;1mSQL (0.6ms)[0m   [0;1mSELECT version FROM schema_migrations[0m
Migrating to CreateProjects (20090419205437)
  [4;35;1mSQL (14.6ms)[0m   [0mCREATE TABLE `projects` (`id` int(11) DEFAULT NULL auto_increment PRIMARY KEY, `name` varchar(255), `created_at` datetime, `updated_at` datetime) ENGINE=InnoDB[0m
  [4;36;1mSQL (0.8ms)[0m   [0;1mINSERT INTO schema_migrations (version) VALUES ('20090419205437')[0m
Migrating to CreateTasks (20090419220145)
  [4;35;1mSQL (11.0ms)[0m   [0mCREATE TABLE `tasks` (`id` int(11) DEFAULT NULL auto_increment PRIMARY KEY, `name` varchar(255), `due_on` date, `created_at` datetime, `updated_at` datetime) ENGINE=InnoDB[0m
  [4;36;1mSQL (1.0ms)[0m   [0;1mINSERT INTO schema_migrations (version) VALUES ('20090419220145')[0m
  [4;35;1mSQL (0.4ms)[0m   [0mSHOW TABLES[0m
  [4;36;1mSQL (0.2ms)[0m   [0;1mSELECT version FROM schema_migrations[0m
  [4;35;1mSQL (0.2ms)[0m   [0mSHOW TABLES[0m
  [4;36;1mSQL (37.1ms)[0m   [0;1mSHOW FIELDS FROM `projects`[0m
  [4;35;1mSQL (2.2ms)[0m   [0mdescribe `projects`[0m
  [4;36;1mSQL (18.3ms)[0m   [0;1mSHOW KEYS FROM `projects`[0m
  [4;35;1mSQL (2.8ms)[0m   [0mSHOW FIELDS FROM `tasks`[0m
  [4;36;1mSQL (1.9ms)[0m   [0;1mdescribe `tasks`[0m
  [4;35;1mSQL (1.3ms)[0m   [0mSHOW KEYS FROM `tasks`[0m
  [4;36;1mSQL (0.2ms)[0m   [0;1mSET NAMES 'utf8'[0m
  [4;35;1mSQL (0.1ms)[0m   [0mSET SQL_AUTO_IS_NULL=0[0m
  [4;36;1mSQL (0.4ms)[0m   [0;1mSHOW TABLES[0m
  [4;35;1mSQL (0.2ms)[0m   [0mSELECT version FROM schema_migrations[0m
  [4;36;1mSQL (0.1ms)[0m   [0;1mSET NAMES 'utf8'[0m
  [4;35;1mSQL (0.1ms)[0m   [0mSET SQL_AUTO_IS_NULL=0[0m
  [4;36;1mSQL (54.1ms)[0m   [0;1mDROP DATABASE IF EXISTS `nestedmodels_test`[0m
  [4;35;1mSQL (0.7ms)[0m   [0mCREATE DATABASE `nestedmodels_test` DEFAULT CHARACTER SET `utf8`[0m
  [4;36;1mSQL (0.1ms)[0m   [0;1mSET NAMES 'utf8'[0m
  [4;35;1mSQL (0.1ms)[0m   [0mSET SQL_AUTO_IS_NULL=0[0m
  [4;36;1mSQL (0.3ms)[0m   [0;1mSHOW TABLES[0m
  [4;35;1mSQL (56.4ms)[0m   [0mCREATE TABLE `projects` (`id` int(11) DEFAULT NULL auto_increment PRIMARY KEY, `name` varchar(255), `created_at` datetime, `updated_at` datetime) ENGINE=InnoDB[0m
  [4;36;1mSQL (0.4ms)[0m   [0;1mSHOW TABLES[0m
  [4;35;1mSQL (2.1ms)[0m   [0mCREATE TABLE `tasks` (`id` int(11) DEFAULT NULL auto_increment PRIMARY KEY, `name` varchar(255), `due_on` date, `created_at` datetime, `updated_at` datetime) ENGINE=InnoDB[0m
  [4;36;1mSQL (0.3ms)[0m   [0;1mSHOW TABLES[0m
  [4;35;1mSQL (2.0ms)[0m   [0mCREATE TABLE `schema_migrations` (`version` varchar(255) NOT NULL) ENGINE=InnoDB[0m
  [4;36;1mSQL (7.0ms)[0m   [0;1mCREATE UNIQUE INDEX `unique_schema_migrations` ON `schema_migrations` (`version`)[0m
  [4;35;1mSQL (0.5ms)[0m   [0mSHOW TABLES[0m
  [4;36;1mSQL (0.5ms)[0m   [0;1mSELECT version FROM `schema_migrations`[0m
  [4;35;1mSQL (0.8ms)[0m   [0mINSERT INTO `schema_migrations` (version) VALUES ('20090419220145')[0m
  [4;36;1mSQL (0.6ms)[0m   [0;1mINSERT INTO `schema_migrations` (version) VALUES ('20090419205437')[0m
  [4;36;1mSQL (0.2ms)[0m   [0;1mSET NAMES 'utf8'[0m
  [4;35;1mSQL (0.1ms)[0m   [0mSET SQL_AUTO_IS_NULL=0[0m


Processing ApplicationController#index (for 127.0.0.1 at 2009-04-19 15:05:53) [GET]

ActionController::RoutingError (No route matches "/project" with {:method=>:get}):
  

Rendering rescues/layout (not_found)
  [4;36;1mSQL (0.1ms)[0m   [0;1mSET NAMES 'utf8'[0m
  [4;35;1mSQL (0.4ms)[0m   [0mSET SQL_AUTO_IS_NULL=0[0m


Processing ProjectsController#index (for 127.0.0.1 at 2009-04-19 15:05:56) [GET]
  [4;36;1mProject Load (0.4ms)[0m   [0;1mSELECT * FROM `projects` [0m
Rendering template within layouts/projects
Rendering projects/index
Completed in 69ms (View: 65, DB: 1) | 200 OK [http://localhost/projects]
  [4;35;1mSQL (0.1ms)[0m   [0mSET NAMES 'utf8'[0m
  [4;36;1mSQL (0.1ms)[0m   [0;1mSET SQL_AUTO_IS_NULL=0[0m


Processing ProjectsController#new (for 127.0.0.1 at 2009-04-19 15:06:00) [GET]
  [4;35;1mProject Columns (2.6ms)[0m   [0mSHOW FIELDS FROM `projects`[0m
Rendering template within layouts/projects
Rendering projects/new
Completed in 18ms (View: 11, DB: 3) | 200 OK [http://localhost/projects/new]
  [4;36;1mSQL (0.2ms)[0m   [0;1mSET NAMES 'utf8'[0m
  [4;35;1mSQL (0.1ms)[0m   [0mSET SQL_AUTO_IS_NULL=0[0m
  [4;36;1mSQL (0.4ms)[0m   [0;1mSHOW TABLES[0m
  [4;35;1mSQL (0.2ms)[0m   [0mSELECT version FROM schema_migrations[0m
Migrating to CreateProjects (20090419205437)
Migrating to CreateTasks (20090419220145)
Migrating to AddProjectToTask (20090419223424)
  [4;36;1mSQL (58.1ms)[0m   [0;1mALTER TABLE `tasks` ADD `project_id` int(11)[0m
  [4;35;1mSQL (0.7ms)[0m   [0mINSERT INTO schema_migrations (version) VALUES ('20090419223424')[0m
  [4;36;1mSQL (0.3ms)[0m   [0;1mSHOW TABLES[0m
  [4;35;1mSQL (0.2ms)[0m   [0mSELECT version FROM schema_migrations[0m
  [4;36;1mSQL (0.2ms)[0m   [0;1mSHOW TABLES[0m
  [4;35;1mSQL (1.9ms)[0m   [0mSHOW FIELDS FROM `projects`[0m
  [4;36;1mSQL (2.0ms)[0m   [0;1mdescribe `projects`[0m
  [4;35;1mSQL (0.7ms)[0m   [0mSHOW KEYS FROM `projects`[0m
  [4;36;1mSQL (2.5ms)[0m   [0;1mSHOW FIELDS FROM `tasks`[0m
  [4;35;1mSQL (7.6ms)[0m   [0mdescribe `tasks`[0m
  [4;36;1mSQL (1.2ms)[0m   [0;1mSHOW KEYS FROM `tasks`[0m
  [4;36;1mSQL (0.1ms)[0m   [0;1mSET NAMES 'utf8'[0m
  [4;35;1mSQL (0.1ms)[0m   [0mSET SQL_AUTO_IS_NULL=0[0m


Processing ProjectsController#index (for 127.0.0.1 at 2009-04-19 16:48:17) [GET]
  [4;36;1mProject Load (0.3ms)[0m   [0;1mSELECT * FROM `projects` [0m
Rendering template within layouts/projects
Rendering projects/index
Completed in 5ms (View: 1, DB: 0) | 200 OK [http://localhost/projects]
  [4;35;1mSQL (0.1ms)[0m   [0mSET NAMES 'utf8'[0m
  [4;36;1mSQL (0.1ms)[0m   [0;1mSET SQL_AUTO_IS_NULL=0[0m


Processing ProjectsController#new (for 127.0.0.1 at 2009-04-19 16:48:21) [GET]
  [4;35;1mProject Columns (1.7ms)[0m   [0mSHOW FIELDS FROM `projects`[0m
Rendering template within layouts/projects
Rendering projects/new
Completed in 8ms (View: 3, DB: 2) | 200 OK [http://localhost/projects/new]
  [4;36;1mSQL (0.1ms)[0m   [0;1mSET NAMES 'utf8'[0m
  [4;35;1mSQL (0.3ms)[0m   [0mSET SQL_AUTO_IS_NULL=0[0m


Processing ProjectsController#new (for 127.0.0.1 at 2009-04-19 16:49:17) [GET]
  [4;36;1mProject Columns (2.7ms)[0m   [0;1mSHOW FIELDS FROM `projects`[0m
Rendering template within layouts/projects
Rendering projects/new
Completed in 40ms (View: 3, DB: 3) | 200 OK [http://localhost/projects/new]
  [4;35;1mSQL (0.1ms)[0m   [0mSET NAMES 'utf8'[0m
  [4;36;1mSQL (0.3ms)[0m   [0;1mSET SQL_AUTO_IS_NULL=0[0m


Processing ProjectsController#create (for 127.0.0.1 at 2009-04-19 16:55:19) [POST]
  Parameters: {"commit"=>"Create", "project"=>{"name"=>"Cool Project"}, "authenticity_token"=>"EG+BMdjwSqKeYWA0J8lLQXAx0FbzXPrl6/v9TO2T+7o="}
  [4;35;1mProject Columns (1.6ms)[0m   [0mSHOW FIELDS FROM `projects`[0m
  [4;36;1mSQL (0.1ms)[0m   [0;1mBEGIN[0m
  [4;35;1mProject Create (0.3ms)[0m   [0mINSERT INTO `projects` (`name`, `updated_at`, `created_at`) VALUES('Cool Project', '2009-04-19 23:55:19', '2009-04-19 23:55:19')[0m
  [4;36;1mSQL (0.6ms)[0m   [0;1mCOMMIT[0m
Redirected to http://localhost:3000/projects/1
Completed in 20ms (DB: 3) | 302 Found [http://localhost/projects]
  [4;35;1mSQL (0.1ms)[0m   [0mSET NAMES 'utf8'[0m
  [4;36;1mSQL (0.1ms)[0m   [0;1mSET SQL_AUTO_IS_NULL=0[0m


Processing ProjectsController#show (for 127.0.0.1 at 2009-04-19 16:55:19) [GET]
  Parameters: {"id"=>"1"}
  [4;35;1mProject Columns (1.7ms)[0m   [0mSHOW FIELDS FROM `projects`[0m
  [4;36;1mProject Load (0.9ms)[0m   [0;1mSELECT * FROM `projects` WHERE (`projects`.`id` = 1) [0m
Rendering template within layouts/projects
Rendering projects/show
Completed in 36ms (View: 28, DB: 3) | 200 OK [http://localhost/projects/1]
  [4;35;1mSQL (0.3ms)[0m   [0mSET NAMES 'utf8'[0m
  [4;36;1mSQL (0.1ms)[0m   [0;1mSET SQL_AUTO_IS_NULL=0[0m


Processing ProjectsController#edit (for 127.0.0.1 at 2009-04-19 16:55:22) [GET]
  Parameters: {"id"=>"1"}
  [4;35;1mProject Columns (1.6ms)[0m   [0mSHOW FIELDS FROM `projects`[0m
  [4;36;1mProject Load (1.1ms)[0m   [0;1mSELECT * FROM `projects` WHERE (`projects`.`id` = 1) [0m
Rendering template within layouts/projects
Rendering projects/edit

ActionView::TemplateError (Missing template projects/_project.erb in view path app/views) on line #2 of app/views/projects/edit.html.erb:
1: <h1>Editing project</h1>
2: <%= render :partial => @project, :locals => {:action_name => "Update"} %>

    app/views/projects/edit.html.erb:2

Rendered rescues/_trace (89.1ms)
Rendered rescues/_request_and_response (15.5ms)
Rendering rescues/layout (internal_server_error)
  [4;35;1mSQL (0.1ms)[0m   [0mSET NAMES 'utf8'[0m
  [4;36;1mSQL (0.1ms)[0m   [0;1mSET SQL_AUTO_IS_NULL=0[0m


Processing ProjectsController#edit (for 127.0.0.1 at 2009-04-19 16:56:10) [GET]
  Parameters: {"id"=>"1"}
  [4;35;1mProject Columns (1.7ms)[0m   [0mSHOW FIELDS FROM `projects`[0m
  [4;36;1mProject Load (0.9ms)[0m   [0;1mSELECT * FROM `projects` WHERE (`projects`.`id` = 1) [0m
Rendering template within layouts/projects
Rendering projects/edit
Rendered projects/_project (2.4ms)
Completed in 14ms (View: 7, DB: 3) | 200 OK [http://localhost/projects/1/edit]
  [4;35;1mSQL (0.1ms)[0m   [0mSET NAMES 'utf8'[0m
  [4;36;1mSQL (0.1ms)[0m   [0;1mSET SQL_AUTO_IS_NULL=0[0m


Processing ProjectsController#index (for 127.0.0.1 at 2009-04-19 16:56:14) [GET]
  [4;35;1mProject Load (0.3ms)[0m   [0mSELECT * FROM `projects` [0m
Rendering template within layouts/projects
Rendering projects/index
  [4;36;1mProject Columns (1.4ms)[0m   [0;1mSHOW FIELDS FROM `projects`[0m
Completed in 8ms (View: 3, DB: 2) | 200 OK [http://localhost/projects]
  [4;35;1mSQL (0.1ms)[0m   [0mSET NAMES 'utf8'[0m
  [4;36;1mSQL (0.1ms)[0m   [0;1mSET SQL_AUTO_IS_NULL=0[0m


Processing ProjectsController#new (for 127.0.0.1 at 2009-04-19 16:56:16) [GET]
  [4;35;1mProject Columns (1.7ms)[0m   [0mSHOW FIELDS FROM `projects`[0m
Rendering template within layouts/projects
Rendering projects/new
Rendered projects/_project (1.5ms)
Completed in 10ms (View: 5, DB: 2) | 200 OK [http://localhost/projects/new]
  [4;36;1mSQL (0.3ms)[0m   [0;1mSET NAMES 'utf8'[0m
  [4;35;1mSQL (0.1ms)[0m   [0mSET SQL_AUTO_IS_NULL=0[0m


Processing ProjectsController#create (for 127.0.0.1 at 2009-04-19 16:56:20) [POST]
  Parameters: {"commit"=>"Create", "project"=>{"name"=>"Foo"}, "authenticity_token"=>"EG+BMdjwSqKeYWA0J8lLQXAx0FbzXPrl6/v9TO2T+7o="}
  [4;36;1mProject Columns (1.8ms)[0m   [0;1mSHOW FIELDS FROM `projects`[0m
  [4;35;1mSQL (0.1ms)[0m   [0mBEGIN[0m
  [4;36;1mProject Create (0.2ms)[0m   [0;1mINSERT INTO `projects` (`name`, `updated_at`, `created_at`) VALUES('Foo', '2009-04-19 23:56:20', '2009-04-19 23:56:20')[0m
  [4;35;1mSQL (0.4ms)[0m   [0mCOMMIT[0m
Redirected to http://localhost:3000/projects/2
Completed in 9ms (DB: 3) | 302 Found [http://localhost/projects]
  [4;36;1mSQL (0.2ms)[0m   [0;1mSET NAMES 'utf8'[0m
  [4;35;1mSQL (0.1ms)[0m   [0mSET SQL_AUTO_IS_NULL=0[0m


Processing ProjectsController#show (for 127.0.0.1 at 2009-04-19 16:56:20) [GET]
  Parameters: {"id"=>"2"}
  [4;36;1mProject Columns (1.6ms)[0m   [0;1mSHOW FIELDS FROM `projects`[0m
  [4;35;1mProject Load (0.8ms)[0m   [0mSELECT * FROM `projects` WHERE (`projects`.`id` = 2) [0m
Rendering template within layouts/projects
Rendering projects/show
Completed in 9ms (View: 2, DB: 3) | 200 OK [http://localhost/projects/2]
  [4;36;1mSQL (0.2ms)[0m   [0;1mSET NAMES 'utf8'[0m
  [4;35;1mSQL (0.1ms)[0m   [0mSET SQL_AUTO_IS_NULL=0[0m


Processing ProjectsController#index (for 127.0.0.1 at 2009-04-19 16:56:21) [GET]
  [4;36;1mProject Load (0.3ms)[0m   [0;1mSELECT * FROM `projects` [0m
Rendering template within layouts/projects
Rendering projects/index
  [4;35;1mProject Columns (1.5ms)[0m   [0mSHOW FIELDS FROM `projects`[0m
Completed in 9ms (View: 3, DB: 2) | 200 OK [http://localhost/projects]
  [4;36;1mSQL (0.1ms)[0m   [0;1mSET NAMES 'utf8'[0m
  [4;35;1mSQL (0.1ms)[0m   [0mSET SQL_AUTO_IS_NULL=0[0m


Processing ProjectsController#edit (for 127.0.0.1 at 2009-04-19 16:56:30) [GET]
  Parameters: {"id"=>"1"}
  [4;36;1mProject Columns (1.6ms)[0m   [0;1mSHOW FIELDS FROM `projects`[0m
  [4;35;1mProject Load (1.2ms)[0m   [0mSELECT * FROM `projects` WHERE (`projects`.`id` = 1) [0m
Rendering template within layouts/projects
Rendering projects/edit
Rendered projects/_project (1.7ms)
Completed in 10ms (View: 3, DB: 3) | 200 OK [http://localhost/projects/1/edit]
  [4;36;1mSQL (0.2ms)[0m   [0;1mSET NAMES 'utf8'[0m
  [4;35;1mSQL (0.1ms)[0m   [0mSET SQL_AUTO_IS_NULL=0[0m


Processing ProjectsController#edit (for 127.0.0.1 at 2009-04-19 17:13:00) [GET]
  Parameters: {"id"=>"1"}
  [4;36;1mProject Columns (1.8ms)[0m   [0;1mSHOW FIELDS FROM `projects`[0m
  [4;35;1mProject Load (0.8ms)[0m   [0mSELECT * FROM `projects` WHERE (`projects`.`id` = 1) [0m
Rendering template within layouts/projects
Rendering projects/edit
ERROR: compiling _run_erb_app47views47projects47_project46html46erb_locals_action_name_object_project RAISED compile error
/Users/sarah/src/nestedmodels/app/views/projects/_project.html.erb:13: syntax error, unexpected tSYMBEG, expecting kDO or '{' or '('
@output_buffer.concat "        "; @output_buffer.concat(( task_form.text+filed :name ).to_s); @output_buffer.concat "\n"
                                                                                ^
Function body:           def _run_erb_app47views47projects47_project46html46erb_locals_action_name_object_project(local_assigns)
            old_output_buffer = output_buffer;project = local_assigns[:project];object = local_assigns[:object];action_name = local_assigns[:action_name];;@output_buffer = '';  __in_erb_template=true ;  form_for(@project) do |f| ; @output_buffer.concat "\n"
@output_buffer.concat "  "; @output_buffer.concat(( f.error_messages ).to_s); @output_buffer.concat "\n"
@output_buffer.concat "\n"
@output_buffer.concat "  <p>\n"
@output_buffer.concat "    "; @output_buffer.concat(( f.label :name ).to_s); @output_buffer.concat "<br />\n"
@output_buffer.concat "    "; @output_buffer.concat(( f.text_field :name ).to_s); @output_buffer.concat "\n"
@output_buffer.concat "  </p>\n"
@output_buffer.concat "\n"
@output_buffer.concat "  ";  f.fields_for :tasks do |task_form| ; @output_buffer.concat "\n"
@output_buffer.concat "    <p>\n"
@output_buffer.concat "      <div>\n"
@output_buffer.concat "        "; @output_buffer.concat(( task_form.label :name, 'Task:' ).to_s); @output_buffer.concat "\n"
@output_buffer.concat "        "; @output_buffer.concat(( task_form.text+filed :name ).to_s); @output_buffer.concat "\n"
@output_buffer.concat "      </div>\n"
@output_buffer.concat "\n"
@output_buffer.concat "      ";  unless task_form.object.new_record? ; @output_buffer.concat "\n"
@output_buffer.concat "        <div>\n"
@output_buffer.concat "          "; @output_buffer.concat(( task_form.label :_delete, 'Remove:' ).to_s); @output_buffer.concat "\n"
@output_buffer.concat "          "; @output_buffer.concat(( task_form.check_box :_delete ).to_s); @output_buffer.concat "\n"
@output_buffer.concat "        </div>\n"
@output_buffer.concat "      ";  end ; @output_buffer.concat "\n"
@output_buffer.concat "    </p>\n"
@output_buffer.concat "\n"
@output_buffer.concat "  ";  end ; @output_buffer.concat "\n"
@output_buffer.concat "  <p>\n"
@output_buffer.concat "    "; @output_buffer.concat(( f.submit action_name ).to_s); @output_buffer.concat "\n"
@output_buffer.concat "  </p>\n"
 end ; @output_buffer.concat "\n"
@output_buffer.concat "\n"
@output_buffer.concat(( link_to 'Back', projects_path ).to_s); @output_buffer.concat "\n"
@output_buffer
          ensure
            self.output_buffer = old_output_buffer
          end
Backtrace: /Users/sarah/src/nestedmodels/app/views/projects/_project.html.erb:34:in `compile!'
/Library/Ruby/Gems/1.8/gems/actionpack-2.3.2/lib/action_view/renderable.rb:61:in `compile'
/Library/Ruby/Gems/1.8/gems/actionpack-2.3.2/lib/action_view/renderable.rb:28:in `render'
/Library/Ruby/Gems/1.8/gems/actionpack-2.3.2/lib/action_view/renderable_partial.rb:20:in `render'
/Library/Ruby/Gems/1.8/gems/actionpack-2.3.2/lib/action_controller/benchmarking.rb:26:in `benchmark'
/Users/sarah/.gem/ruby/1.8/gems/activesupport-2.3.2/lib/active_support/core_ext/benchmark.rb:17:in `ms'
/Users/sarah/.gem/ruby/1.8/gems/activesupport-2.3.2/lib/active_support/core_ext/benchmark.rb:10:in `realtime'
/Users/sarah/.gem/ruby/1.8/gems/activesupport-2.3.2/lib/active_support/core_ext/benchmark.rb:17:in `ms'
/Library/Ruby/Gems/1.8/gems/actionpack-2.3.2/lib/action_controller/benchmarking.rb:26:in `benchmark'
/Library/Ruby/Gems/1.8/gems/actionpack-2.3.2/lib/action_view/renderable_partial.rb:19:in `render'
/Library/Ruby/Gems/1.8/gems/actionpack-2.3.2/lib/action_view/template.rb:194:in `render_template'
/Library/Ruby/Gems/1.8/gems/actionpack-2.3.2/lib/action_view/renderable_partial.rb:44:in `render_partial'
/Library/Ruby/Gems/1.8/gems/actionpack-2.3.2/lib/action_view/partials.rb:184:in `render_partial'
/Library/Ruby/Gems/1.8/gems/actionpack-2.3.2/lib/action_view/partials.rb:201:in `render_partial'
/Library/Ruby/Gems/1.8/gems/actionpack-2.3.2/lib/action_view/base.rb:262:in `render'
/Users/sarah/src/nestedmodels/app/views/projects/edit.html.erb:2:in `_run_erb_app47views47projects47edit46html46erb'
/Library/Ruby/Gems/1.8/gems/actionpack-2.3.2/lib/action_view/renderable.rb:34:in `send'
/Library/Ruby/Gems/1.8/gems/actionpack-2.3.2/lib/action_view/renderable.rb:34:in `render'
/Library/Ruby/Gems/1.8/gems/actionpack-2.3.2/lib/action_view/base.rb:301:in `with_template'
/Library/Ruby/Gems/1.8/gems/actionpack-2.3.2/lib/action_view/renderable.rb:30:in `render'
/Library/Ruby/Gems/1.8/gems/actionpack-2.3.2/lib/action_view/template.rb:194:in `render_template'
/Library/Ruby/Gems/1.8/gems/actionpack-2.3.2/lib/action_view/base.rb:260:in `render'
/Library/Ruby/Gems/1.8/gems/actionpack-2.3.2/lib/action_view/base.rb:343:in `_render_with_layout'
/Library/Ruby/Gems/1.8/gems/actionpack-2.3.2/lib/action_view/base.rb:257:in `render'
/Library/Ruby/Gems/1.8/gems/actionpack-2.3.2/lib/action_controller/base.rb:1241:in `render_for_file'
/Library/Ruby/Gems/1.8/gems/actionpack-2.3.2/lib/action_controller/base.rb:937:in `render_without_benchmark'
/Library/Ruby/Gems/1.8/gems/actionpack-2.3.2/lib/action_controller/benchmarking.rb:51:in `render'
/Users/sarah/.gem/ruby/1.8/gems/activesupport-2.3.2/lib/active_support/core_ext/benchmark.rb:17:in `ms'
/Users/sarah/.gem/ruby/1.8/gems/activesupport-2.3.2/lib/active_support/core_ext/benchmark.rb:10:in `realtime'
/Users/sarah/.gem/ruby/1.8/gems/activesupport-2.3.2/lib/active_support/core_ext/benchmark.rb:17:in `ms'
/Library/Ruby/Gems/1.8/gems/actionpack-2.3.2/lib/action_controller/benchmarking.rb:51:in `render'
/Library/Ruby/Gems/1.8/gems/actionpack-2.3.2/lib/action_controller/base.rb:1317:in `default_render'
/Library/Ruby/Gems/1.8/gems/actionpack-2.3.2/lib/action_controller/base.rb:1323:in `perform_action_without_filters'
/Library/Ruby/Gems/1.8/gems/actionpack-2.3.2/lib/action_controller/filters.rb:617:in `call_filters'
/Library/Ruby/Gems/1.8/gems/actionpack-2.3.2/lib/action_controller/filters.rb:610:in `perform_action_without_benchmark'
/Library/Ruby/Gems/1.8/gems/actionpack-2.3.2/lib/action_controller/benchmarking.rb:68:in `perform_action_without_rescue'
/Users/sarah/.gem/ruby/1.8/gems/activesupport-2.3.2/lib/active_support/core_ext/benchmark.rb:17:in `ms'
/Users/sarah/.gem/ruby/1.8/gems/activesupport-2.3.2/lib/active_support/core_ext/benchmark.rb:10:in `realtime'
/Users/sarah/.gem/ruby/1.8/gems/activesupport-2.3.2/lib/active_support/core_ext/benchmark.rb:17:in `ms'
/Library/Ruby/Gems/1.8/gems/actionpack-2.3.2/lib/action_controller/benchmarking.rb:68:in `perform_action_without_rescue'
/Library/Ruby/Gems/1.8/gems/actionpack-2.3.2/lib/action_controller/rescue.rb:160:in `perform_action_without_flash'
/Library/Ruby/Gems/1.8/gems/actionpack-2.3.2/lib/action_controller/flash.rb:141:in `perform_action'
/Library/Ruby/Gems/1.8/gems/actionpack-2.3.2/lib/action_controller/base.rb:523:in `send'
/Library/Ruby/Gems/1.8/gems/actionpack-2.3.2/lib/action_controller/base.rb:523:in `process_without_filters'
/Library/Ruby/Gems/1.8/gems/actionpack-2.3.2/lib/action_controller/filters.rb:606:in `process'
/Library/Ruby/Gems/1.8/gems/actionpack-2.3.2/lib/action_controller/base.rb:391:in `process'
/Library/Ruby/Gems/1.8/gems/actionpack-2.3.2/lib/action_controller/base.rb:386:in `call'
/Library/Ruby/Gems/1.8/gems/actionpack-2.3.2/lib/action_controller/routing/route_set.rb:433:in `call'
/Library/Ruby/Gems/1.8/gems/actionpack-2.3.2/lib/action_controller/dispatcher.rb:88:in `dispatch'
/Library/Ruby/Gems/1.8/gems/actionpack-2.3.2/lib/action_controller/dispatcher.rb:111:in `_call'
/Library/Ruby/Gems/1.8/gems/actionpack-2.3.2/lib/action_controller/dispatcher.rb:82:in `initialize'
/Users/sarah/.gem/ruby/1.8/gems/activerecord-2.3.2/lib/active_record/query_cache.rb:29:in `call'
/Users/sarah/.gem/ruby/1.8/gems/activerecord-2.3.2/lib/active_record/query_cache.rb:29:in `call'
/Users/sarah/.gem/ruby/1.8/gems/activerecord-2.3.2/lib/active_record/connection_adapters/abstract/query_cache.rb:34:in `cache'
/Users/sarah/.gem/ruby/1.8/gems/activerecord-2.3.2/lib/active_record/query_cache.rb:9:in `cache'
/Users/sarah/.gem/ruby/1.8/gems/activerecord-2.3.2/lib/active_record/query_cache.rb:28:in `call'
/Users/sarah/.gem/ruby/1.8/gems/activerecord-2.3.2/lib/active_record/connection_adapters/abstract/connection_pool.rb:361:in `call'
/Library/Ruby/Gems/1.8/gems/actionpack-2.3.2/lib/action_controller/vendor/rack-1.0/rack/head.rb:9:in `call'
/Library/Ruby/Gems/1.8/gems/actionpack-2.3.2/lib/action_controller/vendor/rack-1.0/rack/methodoverride.rb:24:in `call'
/Library/Ruby/Gems/1.8/gems/actionpack-2.3.2/lib/action_controller/params_parser.rb:15:in `call'
/Library/Ruby/Gems/1.8/gems/actionpack-2.3.2/lib/action_controller/rewindable_input.rb:25:in `call'
/Library/Ruby/Gems/1.8/gems/actionpack-2.3.2/lib/action_controller/session/cookie_store.rb:93:in `call'
/Library/Ruby/Gems/1.8/gems/actionpack-2.3.2/lib/action_controller/reloader.rb:9:in `call'
/Library/Ruby/Gems/1.8/gems/actionpack-2.3.2/lib/action_controller/failsafe.rb:11:in `call'
/Library/Ruby/Gems/1.8/gems/actionpack-2.3.2/lib/action_controller/vendor/rack-1.0/rack/lock.rb:11:in `call'
/Library/Ruby/Gems/1.8/gems/actionpack-2.3.2/lib/action_controller/vendor/rack-1.0/rack/lock.rb:11:in `synchronize'
/Library/Ruby/Gems/1.8/gems/actionpack-2.3.2/lib/action_controller/vendor/rack-1.0/rack/lock.rb:11:in `call'
/Library/Ruby/Gems/1.8/gems/actionpack-2.3.2/lib/action_controller/dispatcher.rb:106:in `call'
/Library/Ruby/Gems/1.8/gems/rails-2.3.2/lib/rails/rack/static.rb:31:in `call'
/Library/Ruby/Gems/1.8/gems/actionpack-2.3.2/lib/action_controller/vendor/rack-1.0/rack/urlmap.rb:46:in `call'
/Library/Ruby/Gems/1.8/gems/actionpack-2.3.2/lib/action_controller/vendor/rack-1.0/rack/urlmap.rb:40:in `each'
/Library/Ruby/Gems/1.8/gems/actionpack-2.3.2/lib/action_controller/vendor/rack-1.0/rack/urlmap.rb:40:in `call'
/Library/Ruby/Gems/1.8/gems/rails-2.3.2/lib/rails/rack/log_tailer.rb:17:in `call'
/Library/Ruby/Gems/1.8/gems/actionpack-2.3.2/lib/action_controller/vendor/rack-1.0/rack/content_length.rb:13:in `call'
/Library/Ruby/Gems/1.8/gems/actionpack-2.3.2/lib/action_controller/vendor/rack-1.0/rack/chunked.rb:15:in `call'
/Library/Ruby/Gems/1.8/gems/actionpack-2.3.2/lib/action_controller/vendor/rack-1.0/rack/handler/mongrel.rb:61:in `process'
/Library/Ruby/Gems/1.8/gems/mongrel-1.1.5/lib/mongrel.rb:159:in `process_client'
/Library/Ruby/Gems/1.8/gems/mongrel-1.1.5/lib/mongrel.rb:158:in `each'
/Library/Ruby/Gems/1.8/gems/mongrel-1.1.5/lib/mongrel.rb:158:in `process_client'
/Library/Ruby/Gems/1.8/gems/mongrel-1.1.5/lib/mongrel.rb:285:in `run'
/Library/Ruby/Gems/1.8/gems/mongrel-1.1.5/lib/mongrel.rb:285:in `initialize'
/Library/Ruby/Gems/1.8/gems/mongrel-1.1.5/lib/mongrel.rb:285:in `new'
/Library/Ruby/Gems/1.8/gems/mongrel-1.1.5/lib/mongrel.rb:285:in `run'
/Library/Ruby/Gems/1.8/gems/mongrel-1.1.5/lib/mongrel.rb:268:in `initialize'
/Library/Ruby/Gems/1.8/gems/mongrel-1.1.5/lib/mongrel.rb:268:in `new'
/Library/Ruby/Gems/1.8/gems/mongrel-1.1.5/lib/mongrel.rb:268:in `run'
/Library/Ruby/Gems/1.8/gems/actionpack-2.3.2/lib/action_controller/vendor/rack-1.0/rack/handler/mongrel.rb:34:in `run'
/Library/Ruby/Gems/1.8/gems/rails-2.3.2/lib/commands/server.rb:111
/Library/Ruby/Site/1.8/rubygems/custom_require.rb:31:in `gem_original_require'
/Library/Ruby/Site/1.8/rubygems/custom_require.rb:31:in `require'
./script/server:3

ActionView::TemplateError (compile error
/Users/sarah/src/nestedmodels/app/views/projects/_project.html.erb:13: syntax error, unexpected tSYMBEG, expecting kDO or '{' or '('
@output_buffer.concat "        "; @output_buffer.concat(( task_form.text+filed :name ).to_s); @output_buffer.concat "\n"
                                                                                ^) on line #13 of app/views/projects/_project.html.erb:
10:     <p>
11:       <div>
12:         <%= task_form.label :name, 'Task:' %>
13:         <%= task_form.text+filed :name %>
14:       </div>
15: 
16:       <% unless task_form.object.new_record? %>

    app/views/projects/_project.html.erb:34:in `compile!'
    app/views/projects/edit.html.erb:2

Rendered rescues/_trace (37.3ms)
Rendered rescues/_request_and_response (0.2ms)
Rendering rescues/layout (internal_server_error)
  [4;36;1mSQL (0.1ms)[0m   [0;1mSET NAMES 'utf8'[0m
  [4;35;1mSQL (0.1ms)[0m   [0mSET SQL_AUTO_IS_NULL=0[0m


Processing ProjectsController#edit (for 127.0.0.1 at 2009-04-19 17:14:07) [GET]
  Parameters: {"id"=>"1"}
  [4;36;1mProject Columns (1.8ms)[0m   [0;1mSHOW FIELDS FROM `projects`[0m
  [4;35;1mProject Load (0.8ms)[0m   [0mSELECT * FROM `projects` WHERE (`projects`.`id` = 1) [0m
Rendering template within layouts/projects
Rendering projects/edit
  [4;36;1mTask Load (0.5ms)[0m   [0;1mSELECT * FROM `tasks` WHERE (`tasks`.project_id = 1) [0m
Rendered projects/_project (42.8ms)
Completed in 55ms (View: 48, DB: 3) | 200 OK [http://localhost/projects/1/edit]
  [4;35;1mSQL (0.1ms)[0m   [0mSET NAMES 'utf8'[0m
  [4;36;1mSQL (0.1ms)[0m   [0;1mSET SQL_AUTO_IS_NULL=0[0m


Processing ProjectsController#new (for 127.0.0.1 at 2009-04-19 17:14:36) [GET]
  [4;35;1mProject Columns (1.6ms)[0m   [0mSHOW FIELDS FROM `projects`[0m
Rendering template within layouts/projects
Rendering projects/new
Rendered projects/_project (3.8ms)
Completed in 11ms (View: 5, DB: 2) | 200 OK [http://localhost/projects/new]
  [4;36;1mSQL (0.1ms)[0m   [0;1mSET NAMES 'utf8'[0m
  [4;35;1mSQL (0.1ms)[0m   [0mSET SQL_AUTO_IS_NULL=0[0m


Processing ProjectsController#new (for 127.0.0.1 at 2009-04-19 17:17:11) [GET]
  [4;36;1mProject Columns (1.7ms)[0m   [0;1mSHOW FIELDS FROM `projects`[0m
Rendering template within layouts/projects
Rendering projects/new
  [4;35;1mTask Columns (2.1ms)[0m   [0mSHOW FIELDS FROM `tasks`[0m
Rendered projects/_project (9.7ms)
Completed in 19ms (View: 11, DB: 4) | 200 OK [http://localhost/projects/new]
  [4;36;1mSQL (0.1ms)[0m   [0;1mSET NAMES 'utf8'[0m
  [4;35;1mSQL (0.1ms)[0m   [0mSET SQL_AUTO_IS_NULL=0[0m


Processing ProjectsController#create (for 127.0.0.1 at 2009-04-19 17:17:34) [POST]
  Parameters: {"commit"=>"Create", "project"=>{"name"=>"ProjectWithTask", "tasks_attributes"=>{"0"=>{"name"=>"taks1"}}}, "authenticity_token"=>"EG+BMdjwSqKeYWA0J8lLQXAx0FbzXPrl6/v9TO2T+7o="}
  [4;36;1mProject Columns (1.9ms)[0m   [0;1mSHOW FIELDS FROM `projects`[0m
  [4;35;1mTask Columns (2.0ms)[0m   [0mSHOW FIELDS FROM `tasks`[0m
  [4;36;1mSQL (0.1ms)[0m   [0;1mBEGIN[0m
  [4;35;1mProject Create (0.3ms)[0m   [0mINSERT INTO `projects` (`name`, `updated_at`, `created_at`) VALUES('ProjectWithTask', '2009-04-20 00:17:34', '2009-04-20 00:17:34')[0m
  [4;36;1mTask Create (0.2ms)[0m   [0;1mINSERT INTO `tasks` (`name`, `updated_at`, `project_id`, `due_on`, `created_at`) VALUES('taks1', '2009-04-20 00:17:34', 3, NULL, '2009-04-20 00:17:34')[0m
  [4;35;1mSQL (15.3ms)[0m   [0mCOMMIT[0m
Redirected to http://localhost:3000/projects/3
Completed in 36ms (DB: 20) | 302 Found [http://localhost/projects]
  [4;36;1mSQL (0.2ms)[0m   [0;1mSET NAMES 'utf8'[0m
  [4;35;1mSQL (0.1ms)[0m   [0mSET SQL_AUTO_IS_NULL=0[0m


Processing ProjectsController#show (for 127.0.0.1 at 2009-04-19 17:17:34) [GET]
  Parameters: {"id"=>"3"}
  [4;36;1mProject Columns (1.6ms)[0m   [0;1mSHOW FIELDS FROM `projects`[0m
  [4;35;1mProject Load (0.8ms)[0m   [0mSELECT * FROM `projects` WHERE (`projects`.`id` = 3) [0m
Rendering template within layouts/projects
Rendering projects/show
Completed in 8ms (View: 2, DB: 3) | 200 OK [http://localhost/projects/3]
  [4;36;1mSQL (0.1ms)[0m   [0;1mSET NAMES 'utf8'[0m
  [4;35;1mSQL (0.2ms)[0m   [0mSET SQL_AUTO_IS_NULL=0[0m


Processing ProjectsController#index (for 127.0.0.1 at 2009-04-19 17:17:37) [GET]
  [4;36;1mProject Load (0.3ms)[0m   [0;1mSELECT * FROM `projects` [0m
Rendering template within layouts/projects
Rendering projects/index
  [4;35;1mProject Columns (1.7ms)[0m   [0mSHOW FIELDS FROM `projects`[0m
Completed in 10ms (View: 4, DB: 2) | 200 OK [http://localhost/projects]
  [4;36;1mSQL (0.1ms)[0m   [0;1mSET NAMES 'utf8'[0m
  [4;35;1mSQL (0.1ms)[0m   [0mSET SQL_AUTO_IS_NULL=0[0m


Processing ProjectsController#edit (for 127.0.0.1 at 2009-04-19 17:17:40) [GET]
  Parameters: {"id"=>"3"}
  [4;36;1mProject Columns (1.7ms)[0m   [0;1mSHOW FIELDS FROM `projects`[0m
  [4;35;1mProject Load (1.8ms)[0m   [0mSELECT * FROM `projects` WHERE (`projects`.`id` = 3) [0m
Rendering template within layouts/projects
Rendering projects/edit
  [4;36;1mTask Columns (2.3ms)[0m   [0;1mSHOW FIELDS FROM `tasks`[0m
  [4;35;1mTask Load (1.0ms)[0m   [0mSELECT * FROM `tasks` WHERE (`tasks`.project_id = 3) [0m
Rendered projects/_project (13.8ms)
Completed in 24ms (View: 13, DB: 7) | 200 OK [http://localhost/projects/3/edit]
  [4;36;1mSQL (0.1ms)[0m   [0;1mSET NAMES 'utf8'[0m
  [4;35;1mSQL (0.1ms)[0m   [0mSET SQL_AUTO_IS_NULL=0[0m


Processing ProjectsController#update (for 127.0.0.1 at 2009-04-19 17:17:59) [PUT]
  Parameters: {"commit"=>"Update", "project"=>{"name"=>"ProjectWithTask", "tasks_attributes"=>{"0"=>{"name"=>"taks1", "_delete"=>"1", "id"=>"1"}, "1"=>{"name"=>"taskX"}}}, "authenticity_token"=>"EG+BMdjwSqKeYWA0J8lLQXAx0FbzXPrl6/v9TO2T+7o=", "id"=>"3"}
  [4;36;1mProject Columns (1.7ms)[0m   [0;1mSHOW FIELDS FROM `projects`[0m
  [4;35;1mProject Load (0.7ms)[0m   [0mSELECT * FROM `projects` WHERE (`projects`.`id` = 3) [0m
  [4;36;1mTask Load (0.2ms)[0m   [0;1mSELECT * FROM `tasks` WHERE (`tasks`.project_id = 3) [0m
  [4;35;1mTask Columns (1.9ms)[0m   [0mSHOW FIELDS FROM `tasks`[0m
  [4;36;1mSQL (0.3ms)[0m   [0;1mBEGIN[0m
  [4;35;1mTask Create (0.2ms)[0m   [0mINSERT INTO `tasks` (`name`, `updated_at`, `project_id`, `due_on`, `created_at`) VALUES('taskX', '2009-04-20 00:17:59', 3, NULL, '2009-04-20 00:17:59')[0m
  [4;36;1mSQL (0.6ms)[0m   [0;1mCOMMIT[0m
Redirected to http://localhost:3000/projects/3
Completed in 21ms (DB: 6) | 302 Found [http://localhost/projects/3]
  [4;35;1mSQL (0.1ms)[0m   [0mSET NAMES 'utf8'[0m
  [4;36;1mSQL (0.1ms)[0m   [0;1mSET SQL_AUTO_IS_NULL=0[0m


Processing ProjectsController#show (for 127.0.0.1 at 2009-04-19 17:17:59) [GET]
  Parameters: {"id"=>"3"}
  [4;35;1mProject Columns (1.6ms)[0m   [0mSHOW FIELDS FROM `projects`[0m
  [4;36;1mProject Load (0.9ms)[0m   [0;1mSELECT * FROM `projects` WHERE (`projects`.`id` = 3) [0m
Rendering template within layouts/projects
Rendering projects/show
Completed in 10ms (View: 3, DB: 3) | 200 OK [http://localhost/projects/3]
  [4;35;1mSQL (0.1ms)[0m   [0mSET NAMES 'utf8'[0m
  [4;36;1mSQL (0.1ms)[0m   [0;1mSET SQL_AUTO_IS_NULL=0[0m


Processing ProjectsController#index (for 127.0.0.1 at 2009-04-19 17:18:01) [GET]
  [4;35;1mProject Load (0.3ms)[0m   [0mSELECT * FROM `projects` [0m
Rendering template within layouts/projects
Rendering projects/index
  [4;36;1mProject Columns (1.1ms)[0m   [0;1mSHOW FIELDS FROM `projects`[0m
Completed in 9ms (View: 4, DB: 2) | 200 OK [http://localhost/projects]
  [4;35;1mSQL (0.4ms)[0m   [0mSET NAMES 'utf8'[0m
  [4;36;1mSQL (0.1ms)[0m   [0;1mSET SQL_AUTO_IS_NULL=0[0m


Processing ProjectsController#show (for 127.0.0.1 at 2009-04-19 17:18:03) [GET]
  Parameters: {"id"=>"3"}
  [4;35;1mProject Columns (1.7ms)[0m   [0mSHOW FIELDS FROM `projects`[0m
  [4;36;1mProject Load (0.7ms)[0m   [0;1mSELECT * FROM `projects` WHERE (`projects`.`id` = 3) [0m
Rendering template within layouts/projects
Rendering projects/show
Completed in 9ms (View: 2, DB: 3) | 200 OK [http://localhost/projects/3]
  [4;35;1mSQL (0.1ms)[0m   [0mSET NAMES 'utf8'[0m
  [4;36;1mSQL (0.1ms)[0m   [0;1mSET SQL_AUTO_IS_NULL=0[0m


Processing ProjectsController#index (for 127.0.0.1 at 2009-04-19 17:18:05) [GET]
  [4;35;1mProject Load (0.3ms)[0m   [0mSELECT * FROM `projects` [0m
Rendering template within layouts/projects
Rendering projects/index
  [4;36;1mProject Columns (1.8ms)[0m   [0;1mSHOW FIELDS FROM `projects`[0m
Completed in 11ms (View: 4, DB: 2) | 200 OK [http://localhost/projects]
  [4;35;1mSQL (0.2ms)[0m   [0mSET NAMES 'utf8'[0m
  [4;36;1mSQL (0.1ms)[0m   [0;1mSET SQL_AUTO_IS_NULL=0[0m


Processing ProjectsController#edit (for 127.0.0.1 at 2009-04-19 17:18:08) [GET]
  Parameters: {"id"=>"3"}
  [4;35;1mProject Columns (1.9ms)[0m   [0mSHOW FIELDS FROM `projects`[0m
  [4;36;1mProject Load (0.3ms)[0m   [0;1mSELECT * FROM `projects` WHERE (`projects`.`id` = 3) [0m
Rendering template within layouts/projects
Rendering projects/edit
  [4;35;1mTask Columns (3.8ms)[0m   [0mSHOW FIELDS FROM `tasks`[0m
  [4;36;1mTask Load (0.2ms)[0m   [0;1mSELECT * FROM `tasks` WHERE (`tasks`.project_id = 3) [0m
Rendered projects/_project (11.4ms)
Completed in 21ms (View: 9, DB: 7) | 200 OK [http://localhost/projects/3/edit]
  [4;35;1mSQL (0.1ms)[0m   [0mSET NAMES 'utf8'[0m
  [4;36;1mSQL (0.1ms)[0m   [0;1mSET SQL_AUTO_IS_NULL=0[0m


Processing ProjectsController#update (for 127.0.0.1 at 2009-04-19 17:18:16) [PUT]
  Parameters: {"commit"=>"Update", "project"=>{"name"=>"ProjectWithTask", "tasks_attributes"=>{"0"=>{"name"=>"taks1", "_delete"=>"1", "id"=>"1"}, "1"=>{"name"=>"taskX", "_delete"=>"0", "id"=>"2"}, "2"=>{"name"=>""}}}, "authenticity_token"=>"EG+BMdjwSqKeYWA0J8lLQXAx0FbzXPrl6/v9TO2T+7o=", "id"=>"3"}
  [4;35;1mProject Columns (1.6ms)[0m   [0mSHOW FIELDS FROM `projects`[0m
  [4;36;1mProject Load (0.9ms)[0m   [0;1mSELECT * FROM `projects` WHERE (`projects`.`id` = 3) [0m
  [4;35;1mTask Load (0.3ms)[0m   [0mSELECT * FROM `tasks` WHERE (`tasks`.project_id = 3) [0m
  [4;36;1mTask Columns (1.4ms)[0m   [0;1mSHOW FIELDS FROM `tasks`[0m
  [4;35;1mSQL (0.1ms)[0m   [0mBEGIN[0m
  [4;36;1mSQL (0.1ms)[0m   [0;1mROLLBACK[0m
Rendering template within layouts/projects
Rendering projects/edit
Rendered projects/_project (2.8ms)
Completed in 22ms (View: 4, DB: 5) | 200 OK [http://localhost/projects/3]
  [4;35;1mSQL (0.2ms)[0m   [0mSET NAMES 'utf8'[0m
  [4;36;1mSQL (0.1ms)[0m   [0;1mSET SQL_AUTO_IS_NULL=0[0m


Processing ProjectsController#update (for 127.0.0.1 at 2009-04-19 17:23:49) [PUT]
  Parameters: {"commit"=>"Update", "project"=>{"name"=>"ProjectWithTask", "tasks_attributes"=>{"0"=>{"name"=>"taks1", "_delete"=>"0", "id"=>"1"}, "1"=>{"name"=>"taskX", "_delete"=>"0", "id"=>"2"}, "2"=>{"name"=>""}, "3"=>{"name"=>""}}}, "authenticity_token"=>"EG+BMdjwSqKeYWA0J8lLQXAx0FbzXPrl6/v9TO2T+7o=", "id"=>"3"}
  [4;35;1mProject Columns (1.6ms)[0m   [0mSHOW FIELDS FROM `projects`[0m
  [4;36;1mProject Load (0.9ms)[0m   [0;1mSELECT * FROM `projects` WHERE (`projects`.`id` = 3) [0m
  [4;35;1mTask Load (0.2ms)[0m   [0mSELECT * FROM `tasks` WHERE (`tasks`.project_id = 3) [0m
  [4;36;1mTask Columns (1.5ms)[0m   [0;1mSHOW FIELDS FROM `tasks`[0m
  [4;35;1mSQL (0.1ms)[0m   [0mBEGIN[0m
  [4;36;1mSQL (0.2ms)[0m   [0;1mCOMMIT[0m
Redirected to http://localhost:3000/projects/3
Completed in 16ms (DB: 5) | 302 Found [http://localhost/projects/3]
  [4;35;1mSQL (0.1ms)[0m   [0mSET NAMES 'utf8'[0m
  [4;36;1mSQL (0.1ms)[0m   [0;1mSET SQL_AUTO_IS_NULL=0[0m


Processing ProjectsController#show (for 127.0.0.1 at 2009-04-19 17:23:50) [GET]
  Parameters: {"id"=>"3"}
  [4;35;1mProject Columns (1.6ms)[0m   [0mSHOW FIELDS FROM `projects`[0m
  [4;36;1mProject Load (0.8ms)[0m   [0;1mSELECT * FROM `projects` WHERE (`projects`.`id` = 3) [0m
Rendering template within layouts/projects
Rendering projects/show
Completed in 9ms (View: 2, DB: 3) | 200 OK [http://localhost/projects/3]
  [4;35;1mSQL (0.1ms)[0m   [0mSET NAMES 'utf8'[0m
  [4;36;1mSQL (0.1ms)[0m   [0;1mSET SQL_AUTO_IS_NULL=0[0m


Processing ProjectsController#index (for 127.0.0.1 at 2009-04-19 17:23:51) [GET]
  [4;35;1mProject Load (0.3ms)[0m   [0mSELECT * FROM `projects` [0m
Rendering template within layouts/projects
Rendering projects/index
  [4;36;1mProject Columns (1.5ms)[0m   [0;1mSHOW FIELDS FROM `projects`[0m
Completed in 9ms (View: 4, DB: 2) | 200 OK [http://localhost/projects]
  [4;35;1mSQL (0.1ms)[0m   [0mSET NAMES 'utf8'[0m
  [4;36;1mSQL (0.1ms)[0m   [0;1mSET SQL_AUTO_IS_NULL=0[0m


Processing ProjectsController#edit (for 127.0.0.1 at 2009-04-19 17:23:54) [GET]
  Parameters: {"id"=>"3"}
  [4;35;1mProject Columns (2.3ms)[0m   [0mSHOW FIELDS FROM `projects`[0m
  [4;36;1mProject Load (1.2ms)[0m   [0;1mSELECT * FROM `projects` WHERE (`projects`.`id` = 3) [0m
Rendering template within layouts/projects
Rendering projects/edit
  [4;35;1mTask Columns (2.3ms)[0m   [0mSHOW FIELDS FROM `tasks`[0m
  [4;36;1mTask Load (0.3ms)[0m   [0;1mSELECT * FROM `tasks` WHERE (`tasks`.project_id = 3) [0m
Rendered projects/_project (10.2ms)
Completed in 20ms (View: 9, DB: 6) | 200 OK [http://localhost/projects/3/edit]
  [4;35;1mSQL (0.1ms)[0m   [0mSET NAMES 'utf8'[0m
  [4;36;1mSQL (0.1ms)[0m   [0;1mSET SQL_AUTO_IS_NULL=0[0m


Processing ProjectsController#update (for 127.0.0.1 at 2009-04-19 17:23:59) [PUT]
  Parameters: {"commit"=>"Update", "project"=>{"name"=>"ProjectWithTask", "tasks_attributes"=>{"0"=>{"name"=>"taks1", "_delete"=>"1", "id"=>"1"}, "1"=>{"name"=>"taskX", "_delete"=>"0", "id"=>"2"}, "2"=>{"name"=>""}}}, "authenticity_token"=>"EG+BMdjwSqKeYWA0J8lLQXAx0FbzXPrl6/v9TO2T+7o=", "id"=>"3"}
  [4;35;1mProject Columns (1.4ms)[0m   [0mSHOW FIELDS FROM `projects`[0m
  [4;36;1mProject Load (1.0ms)[0m   [0;1mSELECT * FROM `projects` WHERE (`projects`.`id` = 3) [0m
  [4;35;1mTask Load (0.3ms)[0m   [0mSELECT * FROM `tasks` WHERE (`tasks`.project_id = 3) [0m
  [4;36;1mTask Columns (1.5ms)[0m   [0;1mSHOW FIELDS FROM `tasks`[0m
  [4;35;1mSQL (0.2ms)[0m   [0mBEGIN[0m
  [4;36;1mTask Destroy (0.2ms)[0m   [0;1mDELETE FROM `tasks` WHERE `id` = 1[0m
  [4;35;1mSQL (1.4ms)[0m   [0mCOMMIT[0m
Redirected to http://localhost:3000/projects/3
Completed in 22ms (DB: 6) | 302 Found [http://localhost/projects/3]
  [4;36;1mSQL (0.1ms)[0m   [0;1mSET NAMES 'utf8'[0m
  [4;35;1mSQL (0.1ms)[0m   [0mSET SQL_AUTO_IS_NULL=0[0m


Processing ProjectsController#show (for 127.0.0.1 at 2009-04-19 17:23:59) [GET]
  Parameters: {"id"=>"3"}
  [4;36;1mProject Columns (1.7ms)[0m   [0;1mSHOW FIELDS FROM `projects`[0m
  [4;35;1mProject Load (0.8ms)[0m   [0mSELECT * FROM `projects` WHERE (`projects`.`id` = 3) [0m
Rendering template within layouts/projects
Rendering projects/show
Completed in 8ms (View: 2, DB: 3) | 200 OK [http://localhost/projects/3]
  [4;36;1mSQL (0.1ms)[0m   [0;1mSET NAMES 'utf8'[0m
  [4;35;1mSQL (0.1ms)[0m   [0mSET SQL_AUTO_IS_NULL=0[0m


Processing ProjectsController#index (for 127.0.0.1 at 2009-04-19 17:24:02) [GET]
  [4;36;1mProject Load (0.3ms)[0m   [0;1mSELECT * FROM `projects` [0m
Rendering template within layouts/projects
Rendering projects/index
  [4;35;1mProject Columns (1.6ms)[0m   [0mSHOW FIELDS FROM `projects`[0m
Completed in 9ms (View: 3, DB: 2) | 200 OK [http://localhost/projects]
  [4;36;1mSQL (0.1ms)[0m   [0;1mSET NAMES 'utf8'[0m
  [4;35;1mSQL (0.1ms)[0m   [0mSET SQL_AUTO_IS_NULL=0[0m


Processing ProjectsController#edit (for 127.0.0.1 at 2009-04-19 17:24:04) [GET]
  Parameters: {"id"=>"3"}
  [4;36;1mProject Columns (1.7ms)[0m   [0;1mSHOW FIELDS FROM `projects`[0m
  [4;35;1mProject Load (0.9ms)[0m   [0mSELECT * FROM `projects` WHERE (`projects`.`id` = 3) [0m
Rendering template within layouts/projects
Rendering projects/edit
  [4;36;1mTask Columns (1.7ms)[0m   [0;1mSHOW FIELDS FROM `tasks`[0m
  [4;35;1mTask Load (0.4ms)[0m   [0mSELECT * FROM `tasks` WHERE (`tasks`.project_id = 3) [0m
Rendered projects/_project (8.8ms)
Completed in 71ms (View: 8, DB: 5) | 200 OK [http://localhost/projects/3/edit]
  [4;36;1mSQL (0.3ms)[0m   [0;1mSET NAMES 'utf8'[0m
  [4;35;1mSQL (0.1ms)[0m   [0mSET SQL_AUTO_IS_NULL=0[0m


Processing ProjectsController#update (for 127.0.0.1 at 2009-04-19 17:26:46) [PUT]
  Parameters: {"commit"=>"Update", "project"=>{"name"=>"ProjectWithTask", "tasks_attributes"=>{"0"=>{"name"=>"My Task", "_delete"=>"0", "id"=>"2"}, "1"=>{"name"=>""}}}, "authenticity_token"=>"EG+BMdjwSqKeYWA0J8lLQXAx0FbzXPrl6/v9TO2T+7o=", "id"=>"3"}
  [4;36;1mProject Columns (2.0ms)[0m   [0;1mSHOW FIELDS FROM `projects`[0m
  [4;35;1mProject Load (0.4ms)[0m   [0mSELECT * FROM `projects` WHERE (`projects`.`id` = 3) [0m
  [4;36;1mTask Load (0.3ms)[0m   [0;1mSELECT * FROM `tasks` WHERE (`tasks`.project_id = 3) [0m
  [4;35;1mTask Columns (1.2ms)[0m   [0mSHOW FIELDS FROM `tasks`[0m
  [4;36;1mSQL (0.1ms)[0m   [0;1mBEGIN[0m
  [4;35;1mTask Update (52.5ms)[0m   [0mUPDATE `tasks` SET `updated_at` = '2009-04-20 00:26:46', `name` = 'My Task' WHERE `id` = 2[0m
  [4;36;1mSQL (1.1ms)[0m   [0;1mCOMMIT[0m
Redirected to http://localhost:3000/projects/3
Completed in 72ms (DB: 58) | 302 Found [http://localhost/projects/3]
  [4;35;1mSQL (0.1ms)[0m   [0mSET NAMES 'utf8'[0m
  [4;36;1mSQL (0.1ms)[0m   [0;1mSET SQL_AUTO_IS_NULL=0[0m


Processing ProjectsController#show (for 127.0.0.1 at 2009-04-19 17:26:46) [GET]
  Parameters: {"id"=>"3"}
  [4;35;1mProject Columns (1.6ms)[0m   [0mSHOW FIELDS FROM `projects`[0m
  [4;36;1mProject Load (1.0ms)[0m   [0;1mSELECT * FROM `projects` WHERE (`projects`.`id` = 3) [0m
Rendering template within layouts/projects
Rendering projects/show
Completed in 12ms (View: 3, DB: 3) | 200 OK [http://localhost/projects/3]
  [4;35;1mSQL (0.3ms)[0m   [0mSET NAMES 'utf8'[0m
  [4;36;1mSQL (0.1ms)[0m   [0;1mSET SQL_AUTO_IS_NULL=0[0m


Processing ProjectsController#index (for 127.0.0.1 at 2009-04-19 17:26:48) [GET]
  [4;35;1mProject Load (0.3ms)[0m   [0mSELECT * FROM `projects` [0m
Rendering template within layouts/projects
Rendering projects/index
  [4;36;1mProject Columns (1.8ms)[0m   [0;1mSHOW FIELDS FROM `projects`[0m
Completed in 10ms (View: 4, DB: 2) | 200 OK [http://localhost/projects]
  [4;35;1mSQL (0.1ms)[0m   [0mSET NAMES 'utf8'[0m
  [4;36;1mSQL (0.4ms)[0m   [0;1mSET SQL_AUTO_IS_NULL=0[0m


Processing ProjectsController#new (for 127.0.0.1 at 2009-04-19 17:26:50) [GET]
  [4;35;1mProject Columns (1.6ms)[0m   [0mSHOW FIELDS FROM `projects`[0m
Rendering template within layouts/projects
Rendering projects/new
  [4;36;1mTask Columns (2.1ms)[0m   [0;1mSHOW FIELDS FROM `tasks`[0m
Rendered projects/_project (9.5ms)
Completed in 17ms (View: 9, DB: 4) | 200 OK [http://localhost/projects/new]
  [4;35;1mSQL (0.4ms)[0m   [0mSET NAMES 'utf8'[0m
  [4;36;1mSQL (0.1ms)[0m   [0;1mSET SQL_AUTO_IS_NULL=0[0m


Processing ProjectsController#create (for 127.0.0.1 at 2009-04-19 17:27:00) [POST]
  Parameters: {"commit"=>"Create", "project"=>{"name"=>"", "tasks_attributes"=>{"0"=>{"name"=>""}}}, "authenticity_token"=>"EG+BMdjwSqKeYWA0J8lLQXAx0FbzXPrl6/v9TO2T+7o="}
  [4;35;1mProject Columns (1.9ms)[0m   [0mSHOW FIELDS FROM `projects`[0m
  [4;36;1mSQL (0.3ms)[0m   [0;1mBEGIN[0m
  [4;35;1mSQL (0.2ms)[0m   [0mROLLBACK[0m
Rendering template within layouts/projects
Rendering projects/new
  [4;36;1mTask Columns (1.7ms)[0m   [0;1mSHOW FIELDS FROM `tasks`[0m
Rendered projects/_project (12.1ms)
Completed in 27ms (View: 12, DB: 5) | 200 OK [http://localhost/projects]
  [4;35;1mSQL (0.1ms)[0m   [0mSET NAMES 'utf8'[0m
  [4;36;1mSQL (0.1ms)[0m   [0;1mSET SQL_AUTO_IS_NULL=0[0m


Processing ProjectsController#new (for 127.0.0.1 at 2009-04-19 17:28:01) [GET]
  [4;35;1mProject Columns (1.7ms)[0m   [0mSHOW FIELDS FROM `projects`[0m
Rendering template within layouts/projects
Rendering projects/new
  [4;36;1mTask Columns (1.9ms)[0m   [0;1mSHOW FIELDS FROM `tasks`[0m
Rendered projects/_project (7.4ms)
Completed in 14ms (View: 7, DB: 4) | 200 OK [http://localhost/projects/new]
  [4;35;1mSQL (0.1ms)[0m   [0mSET NAMES 'utf8'[0m
  [4;36;1mSQL (0.1ms)[0m   [0;1mSET SQL_AUTO_IS_NULL=0[0m


Processing ProjectsController#create (for 127.0.0.1 at 2009-04-19 17:28:03) [POST]
  Parameters: {"commit"=>"Create", "project"=>{"name"=>"", "tasks_attributes"=>{"0"=>{"name"=>""}}}, "authenticity_token"=>"4fnjzH5NVE/WKwGkaaWRdRjqY6DMyJQ9u6U4Haea1jY="}
  [4;35;1mProject Columns (3.1ms)[0m   [0mSHOW FIELDS FROM `projects`[0m
  [4;36;1mSQL (2.2ms)[0m   [0;1mBEGIN[0m
  [4;35;1mSQL (0.2ms)[0m   [0mROLLBACK[0m
Rendering template within layouts/projects
Rendering projects/new
  [4;36;1mTask Columns (5.3ms)[0m   [0;1mSHOW FIELDS FROM `tasks`[0m
Rendered projects/_project (21.7ms)
Completed in 42ms (View: 18, DB: 11) | 200 OK [http://localhost/projects]
  [4;35;1mSQL (0.1ms)[0m   [0mSET NAMES 'utf8'[0m
  [4;36;1mSQL (0.1ms)[0m   [0;1mSET SQL_AUTO_IS_NULL=0[0m


Processing ProjectsController#create (for 127.0.0.1 at 2009-04-19 17:28:27) [POST]
  Parameters: {"commit"=>"Create", "project"=>{"name"=>"Reading", "tasks_attributes"=>{"0"=>{"name"=>""}}}, "authenticity_token"=>"4fnjzH5NVE/WKwGkaaWRdRjqY6DMyJQ9u6U4Haea1jY="}
  [4;35;1mProject Columns (1.6ms)[0m   [0mSHOW FIELDS FROM `projects`[0m
  [4;36;1mSQL (0.1ms)[0m   [0;1mBEGIN[0m
  [4;35;1mProject Create (0.2ms)[0m   [0mINSERT INTO `projects` (`name`, `updated_at`, `created_at`) VALUES('Reading', '2009-04-20 00:28:27', '2009-04-20 00:28:27')[0m
  [4;36;1mSQL (0.7ms)[0m   [0;1mCOMMIT[0m
Redirected to http://localhost:3000/projects/4
Completed in 11ms (DB: 3) | 302 Found [http://localhost/projects]
  [4;35;1mSQL (0.1ms)[0m   [0mSET NAMES 'utf8'[0m
  [4;36;1mSQL (0.1ms)[0m   [0;1mSET SQL_AUTO_IS_NULL=0[0m


Processing ProjectsController#show (for 127.0.0.1 at 2009-04-19 17:28:27) [GET]
  Parameters: {"id"=>"4"}
  [4;35;1mProject Columns (1.6ms)[0m   [0mSHOW FIELDS FROM `projects`[0m
  [4;36;1mProject Load (0.7ms)[0m   [0;1mSELECT * FROM `projects` WHERE (`projects`.`id` = 4) [0m
Rendering template within layouts/projects
Rendering projects/show
Completed in 10ms (View: 3, DB: 3) | 200 OK [http://localhost/projects/4]
  [4;35;1mSQL (0.1ms)[0m   [0mSET NAMES 'utf8'[0m
  [4;36;1mSQL (0.2ms)[0m   [0;1mSET SQL_AUTO_IS_NULL=0[0m


Processing ProjectsController#create (for 127.0.0.1 at 2009-04-19 17:34:13) [POST]

ActionController::InvalidAuthenticityToken (ActionController::InvalidAuthenticityToken):
  

Rendered rescues/_trace (25.8ms)
Rendered rescues/_request_and_response (0.2ms)
Rendering rescues/layout (unprocessable_entity)
  [4;35;1mSQL (0.1ms)[0m   [0mSET NAMES 'utf8'[0m
  [4;36;1mSQL (0.2ms)[0m   [0;1mSET SQL_AUTO_IS_NULL=0[0m


Processing ProjectsController#create (for 127.0.0.1 at 2009-04-19 18:02:33) [POST]

ActionController::InvalidAuthenticityToken (ActionController::InvalidAuthenticityToken):
  

Rendered rescues/_trace (26.7ms)
Rendered rescues/_request_and_response (0.3ms)
Rendering rescues/layout (unprocessable_entity)
  [4;35;1mSQL (0.1ms)[0m   [0mSET NAMES 'utf8'[0m
  [4;36;1mSQL (0.1ms)[0m   [0;1mSET SQL_AUTO_IS_NULL=0[0m


Processing ProjectsController#index (for 127.0.0.1 at 2009-04-19 18:02:51) [GET]
  [4;35;1mProject Load (0.3ms)[0m   [0mSELECT * FROM `projects` [0m
Rendering template within layouts/projects
Rendering projects/index
  [4;36;1mProject Columns (1.5ms)[0m   [0;1mSHOW FIELDS FROM `projects`[0m
Completed in 11ms (View: 5, DB: 2) | 200 OK [http://localhost/projects]
  [4;35;1mSQL (0.1ms)[0m   [0mSET NAMES 'utf8'[0m
  [4;36;1mSQL (0.1ms)[0m   [0;1mSET SQL_AUTO_IS_NULL=0[0m


Processing ProjectsController#create (for 127.0.0.1 at 2009-04-19 18:02:56) [POST]

ActionController::InvalidAuthenticityToken (ActionController::InvalidAuthenticityToken):
  

Rendered rescues/_trace (26.3ms)
Rendered rescues/_request_and_response (0.3ms)
Rendering rescues/layout (unprocessable_entity)
  [4;35;1mSQL (0.3ms)[0m   [0mSET NAMES 'utf8'[0m
  [4;36;1mSQL (0.1ms)[0m   [0;1mSET SQL_AUTO_IS_NULL=0[0m


Processing ProjectsController#create to xml (for 127.0.0.1 at 2009-04-19 18:03:27) [POST]

ActionController::InvalidAuthenticityToken (ActionController::InvalidAuthenticityToken):
  

Rendered rescues/_trace (25.3ms)
Rendered rescues/_request_and_response (0.2ms)
Rendering rescues/layout (unprocessable_entity)
  [4;35;1mSQL (0.2ms)[0m   [0mSET NAMES 'utf8'[0m
  [4;36;1mSQL (0.1ms)[0m   [0;1mSET SQL_AUTO_IS_NULL=0[0m


Processing ProjectsController#index to xml (for 127.0.0.1 at 2009-04-19 18:22:21) [GET]
  [4;35;1mProject Load (0.3ms)[0m   [0mSELECT * FROM `projects` [0m
  [4;36;1mProject Columns (1.2ms)[0m   [0;1mSHOW FIELDS FROM `projects`[0m
Completed in 121ms (View: 115, DB: 2) | 200 OK [http://localhost/projects.xml]
  [4;35;1mSQL (0.1ms)[0m   [0mSET NAMES 'utf8'[0m
  [4;36;1mSQL (0.3ms)[0m   [0;1mSET SQL_AUTO_IS_NULL=0[0m


Processing ProjectsController#index (for 127.0.0.1 at 2009-04-19 18:23:24) [GET]
  [4;35;1mProject Load (0.3ms)[0m   [0mSELECT * FROM `projects` [0m
Rendering template within layouts/projects
Rendering projects/index
  [4;36;1mProject Columns (1.5ms)[0m   [0;1mSHOW FIELDS FROM `projects`[0m
Completed in 10ms (View: 4, DB: 2) | 200 OK [http://localhost/projects]
  [4;35;1mSQL (0.1ms)[0m   [0mSET NAMES 'utf8'[0m
  [4;36;1mSQL (0.1ms)[0m   [0;1mSET SQL_AUTO_IS_NULL=0[0m


Processing ProjectsController#show (for 127.0.0.1 at 2009-04-19 18:23:29) [GET]
  Parameters: {"id"=>"4"}
  [4;35;1mProject Columns (1.6ms)[0m   [0mSHOW FIELDS FROM `projects`[0m
  [4;36;1mProject Load (0.9ms)[0m   [0;1mSELECT * FROM `projects` WHERE (`projects`.`id` = 4) [0m
Rendering template within layouts/projects
Rendering projects/show
Completed in 9ms (View: 2, DB: 3) | 200 OK [http://localhost/projects/4]
  [4;35;1mSQL (0.1ms)[0m   [0mSET NAMES 'utf8'[0m
  [4;36;1mSQL (0.1ms)[0m   [0;1mSET SQL_AUTO_IS_NULL=0[0m


Processing ProjectsController#edit (for 127.0.0.1 at 2009-04-19 18:23:32) [GET]
  Parameters: {"id"=>"4"}
  [4;35;1mProject Columns (1.8ms)[0m   [0mSHOW FIELDS FROM `projects`[0m
  [4;36;1mProject Load (0.5ms)[0m   [0;1mSELECT * FROM `projects` WHERE (`projects`.`id` = 4) [0m
Rendering template within layouts/projects
Rendering projects/edit
  [4;35;1mTask Columns (3.6ms)[0m   [0mSHOW FIELDS FROM `tasks`[0m
  [4;36;1mTask Load (0.4ms)[0m   [0;1mSELECT * FROM `tasks` WHERE (`tasks`.project_id = 4) [0m
Rendered projects/_project (11.4ms)
Completed in 20ms (View: 9, DB: 6) | 200 OK [http://localhost/projects/4/edit]
  [4;35;1mSQL (0.2ms)[0m   [0mSET NAMES 'utf8'[0m
  [4;36;1mSQL (0.1ms)[0m   [0;1mSET SQL_AUTO_IS_NULL=0[0m


Processing ProjectsController#create to xml (for 127.0.0.1 at 2009-04-20 05:54:52) [POST]

ActionController::InvalidAuthenticityToken (ActionController::InvalidAuthenticityToken):
  app/controllers/projects_controller.rb:89:in `verify_authenticity_token'

Rendered rescues/_trace (26.7ms)
Rendered rescues/_request_and_response (0.2ms)
Rendering rescues/layout (unprocessable_entity)
  [4;35;1mSQL (0.1ms)[0m   [0mSET NAMES 'utf8'[0m
  [4;36;1mSQL (1.2ms)[0m   [0;1mSET SQL_AUTO_IS_NULL=0[0m


Processing ProjectsController#index to xml (for 127.0.0.1 at 2009-04-20 05:55:25) [GET]
  [4;35;1mProject Load (0.3ms)[0m   [0mSELECT * FROM `projects` [0m
  [4;36;1mProject Columns (1.2ms)[0m   [0;1mSHOW FIELDS FROM `projects`[0m
Completed in 9ms (View: 3, DB: 3) | 200 OK [http://localhost/projects.xml]
  [4;35;1mSQL (1.7ms)[0m   [0mSET NAMES 'utf8'[0m
  [4;36;1mSQL (0.1ms)[0m   [0;1mSET SQL_AUTO_IS_NULL=0[0m


Processing ProjectsController#index to xml (for 127.0.0.1 at 2009-04-20 05:55:41) [GET]
  [4;35;1mProject Load (0.3ms)[0m   [0mSELECT * FROM `projects` [0m
  [4;36;1mProject Columns (1.6ms)[0m   [0;1mSHOW FIELDS FROM `projects`[0m
Completed in 9ms (View: 3, DB: 4) | 200 OK [http://localhost/projects.xml]
  [4;35;1mSQL (0.1ms)[0m   [0mSET NAMES 'utf8'[0m
  [4;36;1mSQL (0.1ms)[0m   [0;1mSET SQL_AUTO_IS_NULL=0[0m


Processing ProjectsController#index to xml (for 127.0.0.1 at 2009-04-20 05:56:08) [GET]
  [4;35;1mProject Load (0.3ms)[0m   [0mSELECT * FROM `projects` [0m
  [4;36;1mProject Columns (1.6ms)[0m   [0;1mSHOW FIELDS FROM `projects`[0m
Completed in 10ms (View: 3, DB: 2) | 200 OK [http://localhost/projects.xml]
  [4;35;1mSQL (0.1ms)[0m   [0mSET NAMES 'utf8'[0m
  [4;36;1mSQL (0.1ms)[0m   [0;1mSET SQL_AUTO_IS_NULL=0[0m


Processing ProjectsController#create to xml (for 127.0.0.1 at 2009-04-20 05:56:14) [POST]

ActionController::InvalidAuthenticityToken (ActionController::InvalidAuthenticityToken):
  app/controllers/projects_controller.rb:89:in `verify_authenticity_token'

Rendered rescues/_trace (27.0ms)
Rendered rescues/_request_and_response (0.3ms)
Rendering rescues/layout (unprocessable_entity)
  [4;35;1mSQL (0.1ms)[0m   [0mSET NAMES 'utf8'[0m
  [4;36;1mSQL (0.1ms)[0m   [0;1mSET SQL_AUTO_IS_NULL=0[0m


Processing ProjectsController#create to xml (for 127.0.0.1 at 2009-04-20 05:56:35) [POST]
  [4;35;1mProject Columns (2.9ms)[0m   [0mSHOW FIELDS FROM `projects`[0m
  [4;36;1mSQL (0.1ms)[0m   [0;1mBEGIN[0m
  [4;35;1mSQL (0.2ms)[0m   [0mROLLBACK[0m
Completed in 71ms (View: 1, DB: 3) | 422 Unprocessable Entity [http://localhost/projects.xml]
  [4;36;1mSQL (0.1ms)[0m   [0;1mSET NAMES 'utf8'[0m
  [4;35;1mSQL (0.1ms)[0m   [0mSET SQL_AUTO_IS_NULL=0[0m


Processing ProjectsController#create to xml (for 127.0.0.1 at 2009-04-20 05:56:56) [POST]
  [4;36;1mProject Columns (1.7ms)[0m   [0;1mSHOW FIELDS FROM `projects`[0m
  [4;35;1mSQL (0.7ms)[0m   [0mBEGIN[0m
  [4;36;1mSQL (0.1ms)[0m   [0;1mROLLBACK[0m
Completed in 11ms (View: 1, DB: 3) | 422 Unprocessable Entity [http://localhost/projects.xml]
  [4;35;1mSQL (0.4ms)[0m   [0mSET NAMES 'utf8'[0m
  [4;36;1mSQL (0.1ms)[0m   [0;1mSET SQL_AUTO_IS_NULL=0[0m


Processing ProjectsController#create to xml (for 127.0.0.1 at 2009-04-20 05:57:00) [POST]
  [4;35;1mProject Columns (1.9ms)[0m   [0mSHOW FIELDS FROM `projects`[0m
  [4;36;1mSQL (0.5ms)[0m   [0;1mBEGIN[0m
  [4;35;1mSQL (0.2ms)[0m   [0mROLLBACK[0m
Completed in 14ms (View: 1, DB: 3) | 422 Unprocessable Entity [http://localhost/projects.xml]
  [4;36;1mSQL (0.1ms)[0m   [0;1mSET NAMES 'utf8'[0m
  [4;35;1mSQL (0.1ms)[0m   [0mSET SQL_AUTO_IS_NULL=0[0m


Processing ProjectsController#create to xml (for 127.0.0.1 at 2009-04-20 05:57:44) [POST]
  [4;36;1mProject Columns (1.3ms)[0m   [0;1mSHOW FIELDS FROM `projects`[0m
  [4;35;1mSQL (0.8ms)[0m   [0mBEGIN[0m
  [4;36;1mSQL (0.1ms)[0m   [0;1mROLLBACK[0m
Completed in 12ms (View: 1, DB: 2) | 422 Unprocessable Entity [http://localhost/projects.xml]
  [4;35;1mSQL (0.1ms)[0m   [0mSET NAMES 'utf8'[0m
  [4;36;1mSQL (0.1ms)[0m   [0;1mSET SQL_AUTO_IS_NULL=0[0m


Processing ProjectsController#index to xml (for 127.0.0.1 at 2009-04-20 05:58:05) [GET]
  [4;35;1mProject Load (0.3ms)[0m   [0mSELECT * FROM `projects` [0m
  [4;36;1mProject Columns (1.5ms)[0m   [0;1mSHOW FIELDS FROM `projects`[0m
Completed in 11ms (View: 4, DB: 2) | 200 OK [http://localhost/projects.xml]
  [4;35;1mSQL (0.1ms)[0m   [0mSET NAMES 'utf8'[0m
  [4;36;1mSQL (0.1ms)[0m   [0;1mSET SQL_AUTO_IS_NULL=0[0m


Processing ProjectsController#create to xml (for 127.0.0.1 at 2009-04-20 05:58:15) [POST]

ActionController::InvalidAuthenticityToken (ActionController::InvalidAuthenticityToken):
  app/controllers/projects_controller.rb:87:in `verify_authenticity_token'

Rendered rescues/_trace (81.5ms)
Rendered rescues/_request_and_response (0.3ms)
Rendering rescues/layout (unprocessable_entity)
  [4;36;1mSQL (0.3ms)[0m   [0;1mSET NAMES 'utf8'[0m
  [4;35;1mSQL (0.1ms)[0m   [0mSET SQL_AUTO_IS_NULL=0[0m


Processing ProjectsController#create to xml (for 127.0.0.1 at 2009-04-20 06:28:42) [POST]

ActionController::InvalidAuthenticityToken (ActionController::InvalidAuthenticityToken):
  app/controllers/projects_controller.rb:90:in `verify_authenticity_token'
  -e:1:in `load'
  -e:1

Rendered rescues/_trace (30.5ms)
Rendered rescues/_request_and_response (1.4ms)
Rendering rescues/layout (unprocessable_entity)
  [4;36;1mSQL (0.3ms)[0m   [0;1mSET NAMES 'utf8'[0m
  [4;35;1mSQL (0.1ms)[0m   [0mSET SQL_AUTO_IS_NULL=0[0m


Processing ProjectsController#create to xml (for 127.0.0.1 at 2009-04-20 07:58:09) [POST]

ActionController::InvalidAuthenticityToken (ActionController::InvalidAuthenticityToken):
  app/controllers/projects_controller.rb:90:in `verify_authenticity_token'
  /Library/Ruby/Gems/1.8/gems/ruby-debug-ide-0.4.2/lib/ruby-debug.rb:101:in `debug_load'
  /Library/Ruby/Gems/1.8/gems/ruby-debug-ide-0.4.2/lib/ruby-debug.rb:101:in `debug_program'
  /Library/Ruby/Gems/1.8/gems/ruby-debug-ide-0.4.2/bin/rdebug-ide:82
  /usr/bin/rdebug-ide:19:in `load'
  /usr/bin/rdebug-ide:19
  -e:1:in `load'
  -e:1

Rendered rescues/_trace (49.9ms)
Rendered rescues/_request_and_response (1.8ms)
Rendering rescues/layout (unprocessable_entity)
  [4;36;1mSQL (6.7ms)[0m   [0;1mSET NAMES 'utf8'[0m
  [4;35;1mSQL (0.2ms)[0m   [0mSET SQL_AUTO_IS_NULL=0[0m


Processing ProjectsController#create to xml (for 127.0.0.1 at 2009-04-20 13:59:30) [POST]

ActionController::InvalidAuthenticityToken (ActionController::InvalidAuthenticityToken):
  /Library/Ruby/Gems/1.8/gems/ruby-debug-ide-0.4.2/lib/ruby-debug.rb:101:in `debug_load'
  /Library/Ruby/Gems/1.8/gems/ruby-debug-ide-0.4.2/lib/ruby-debug.rb:101:in `debug_program'
  /Library/Ruby/Gems/1.8/gems/ruby-debug-ide-0.4.2/bin/rdebug-ide:82
  /usr/bin/rdebug-ide:19:in `load'
  /usr/bin/rdebug-ide:19
  -e:1:in `load'
  -e:1

Rendered rescues/_trace (43.2ms)
Rendered rescues/_request_and_response (0.4ms)
Rendering rescues/layout (unprocessable_entity)
  [4;36;1mSQL (0.1ms)[0m   [0;1mSET NAMES 'utf8'[0m
  [4;35;1mSQL (0.5ms)[0m   [0mSET SQL_AUTO_IS_NULL=0[0m


Processing ProjectsController#index to xml (for 127.0.0.1 at 2009-04-20 14:00:28) [GET]
